# JRE version: OpenJDK Runtime Environment (17.0.9) (build 17.0.9+0--11185874)
# Java VM: OpenJDK 64-Bit Server VM (17.0.9+0--11185874, mixed mode, tiered, compressed oops, compressed class ptrs, g1 gc, windows-amd64)
GC Precious Log:
 CPUs: 12 total, 12 available
 Memory: 7519M
 Large Page Support: Disabled
 NUMA Support: Disabled
 Compressed Oops: Enabled (32-bit)
 Heap Region Size: 1M
 Heap Min Capacity: 8M
 Heap Initial Capacity: 118M
 Heap Max Capacity: 2G
 Pre-touch: Disabled
 Parallel Workers: 10
 Concurrent Workers: 3
 Concurrent Refinement Workers: 10
 Periodic GC: Disabled
Heap:
 garbage-first heap   total 294912K, used 224448K [0x0000000080000000, 0x0000000100000000)
  region size 1024K, 73 young (74752K), 8 survivors (8192K)
 Metaspace       used 117072K, committed 117952K, reserved 1179648K
  class space    used 15868K, committed 16320K, reserved 1048576K
GC Heap History (20 events):
Event: 59.382 GC heap before
{Heap before GC invocations=45 (full 0):
 garbage-first heap   total 197632K, used 163577K [0x0000000080000000, 0x0000000100000000)
  region size 1024K, 17 young (17408K), 2 survivors (2048K)
 Metaspace       used 106449K, committed 107264K, reserved 1179648K
  class space    used 14734K, committed 15104K, reserved 1048576K
}
Event: 59.387 GC heap after
{Heap after GC invocations=46 (full 0):
 garbage-first heap   total 197632K, used 149811K [0x0000000080000000, 0x0000000100000000)
  region size 1024K, 3 young (3072K), 3 survivors (3072K)
 Metaspace       used 106449K, committed 107264K, reserved 1179648K
  class space    used 14734K, committed 15104K, reserved 1048576K
}
Event: 59.539 GC heap before
{Heap before GC invocations=46 (full 0):
 garbage-first heap   total 197632K, used 165171K [0x0000000080000000, 0x0000000100000000)
  region size 1024K, 19 young (19456K), 3 survivors (3072K)
 Metaspace       used 107972K, committed 108800K, reserved 1179648K
  class space    used 14945K, committed 15360K, reserved 1048576K
}
Event: 59.543 GC heap after
{Heap after GC invocations=47 (full 0):
 garbage-first heap   total 197632K, used 151990K [0x0000000080000000, 0x0000000100000000)
  region size 1024K, 2 young (2048K), 2 survivors (2048K)
 Metaspace       used 107972K, committed 108800K, reserved 1179648K
  class space    used 14945K, committed 15360K, reserved 1048576K
}
Event: 59.673 GC heap before
{Heap before GC invocations=47 (full 0):
 garbage-first heap   total 197632K, used 167350K [0x0000000080000000, 0x0000000100000000)
  region size 1024K, 17 young (17408K), 2 survivors (2048K)
 Metaspace       used 108641K, committed 109440K, reserved 1179648K
  class space    used 15007K, committed 15424K, reserved 1048576K
}
Event: 59.676 GC heap after
{Heap after GC invocations=48 (full 0):
 garbage-first heap   total 243712K, used 152498K [0x0000000080000000, 0x0000000100000000)
  region size 1024K, 1 young (1024K), 1 survivors (1024K)
 Metaspace       used 108641K, committed 109440K, reserved 1179648K
  class space    used 15007K, committed 15424K, reserved 1048576K
}
Event: 59.864 GC heap before
{Heap before GC invocations=48 (full 0):
 garbage-first heap   total 243712K, used 191410K [0x0000000080000000, 0x0000000100000000)
  region size 1024K, 18 young (18432K), 1 survivors (1024K)
 Metaspace       used 108819K, committed 109632K, reserved 1179648K
  class space    used 15022K, committed 15424K, reserved 1048576K
}
Event: 59.868 GC heap after
{Heap after GC invocations=49 (full 0):
 garbage-first heap   total 243712K, used 163632K [0x0000000080000000, 0x0000000100000000)
  region size 1024K, 6 young (6144K), 6 survivors (6144K)
 Metaspace       used 108819K, committed 109632K, reserved 1179648K
  class space    used 15022K, committed 15424K, reserved 1048576K
}
Event: 59.978 GC heap before
{Heap before GC invocations=49 (full 0):
 garbage-first heap   total 243712K, used 204592K [0x0000000080000000, 0x0000000100000000)
  region size 1024K, 41 young (41984K), 6 survivors (6144K)
 Metaspace       used 109315K, committed 110144K, reserved 1179648K
  class space    used 15064K, committed 15488K, reserved 1048576K
}
Event: 59.985 GC heap after
{Heap after GC invocations=50 (full 0):
 garbage-first heap   total 243712K, used 164992K [0x0000000080000000, 0x0000000100000000)
  region size 1024K, 6 young (6144K), 6 survivors (6144K)
 Metaspace       used 109315K, committed 110144K, reserved 1179648K
  class space    used 15064K, committed 15488K, reserved 1048576K
}
Event: 60.128 GC heap before
{Heap before GC invocations=50 (full 0):
 garbage-first heap   total 243712K, used 198784K [0x0000000080000000, 0x0000000100000000)
  region size 1024K, 40 young (40960K), 6 survivors (6144K)
 Metaspace       used 111447K, committed 112256K, reserved 1179648K
  class space    used 15266K, committed 15680K, reserved 1048576K
}
Event: 60.133 GC heap after
{Heap after GC invocations=51 (full 0):
 garbage-first heap   total 243712K, used 170462K [0x0000000080000000, 0x0000000100000000)
  region size 1024K, 5 young (5120K), 5 survivors (5120K)
 Metaspace       used 111447K, committed 112256K, reserved 1179648K
  class space    used 15266K, committed 15680K, reserved 1048576K
}
Event: 60.201 GC heap before
{Heap before GC invocations=51 (full 0):
 garbage-first heap   total 243712K, used 200158K [0x0000000080000000, 0x0000000100000000)
  region size 1024K, 35 young (35840K), 5 survivors (5120K)
 Metaspace       used 112548K, committed 113408K, reserved 1179648K
  class space    used 15378K, committed 15808K, reserved 1048576K
}
Event: 60.205 GC heap after
{Heap after GC invocations=52 (full 0):
 garbage-first heap   total 294912K, used 173560K [0x0000000080000000, 0x0000000100000000)
  region size 1024K, 3 young (3072K), 3 survivors (3072K)
 Metaspace       used 112548K, committed 113408K, reserved 1179648K
  class space    used 15378K, committed 15808K, reserved 1048576K
}
Event: 60.336 GC heap before
{Heap before GC invocations=52 (full 0):
 garbage-first heap   total 294912K, used 239096K [0x0000000080000000, 0x0000000100000000)
  region size 1024K, 68 young (69632K), 3 survivors (3072K)
 Metaspace       used 113188K, committed 114112K, reserved 1179648K
  class space    used 15431K, committed 15872K, reserved 1048576K
}
Event: 60.339 GC heap after
{Heap after GC invocations=53 (full 0):
 garbage-first heap   total 294912K, used 174422K [0x0000000080000000, 0x0000000100000000)
  region size 1024K, 4 young (4096K), 4 survivors (4096K)
 Metaspace       used 113188K, committed 114112K, reserved 1179648K
  class space    used 15431K, committed 15872K, reserved 1048576K
}
Event: 60.587 GC heap before
{Heap before GC invocations=53 (full 0):
 garbage-first heap   total 294912K, used 245078K [0x0000000080000000, 0x0000000100000000)
  region size 1024K, 72 young (73728K), 4 survivors (4096K)
 Metaspace       used 114548K, committed 115456K, reserved 1179648K
  class space    used 15578K, committed 16000K, reserved 1048576K
}
Event: 60.591 GC heap after
{Heap after GC invocations=54 (full 0):
 garbage-first heap   total 294912K, used 176907K [0x0000000080000000, 0x0000000100000000)
  region size 1024K, 7 young (7168K), 7 survivors (7168K)
 Metaspace       used 114548K, committed 115456K, reserved 1179648K
  class space    used 15578K, committed 16000K, reserved 1048576K
}
Event: 60.742 GC heap before
{Heap before GC invocations=54 (full 0):
 garbage-first heap   total 294912K, used 213771K [0x0000000080000000, 0x0000000100000000)
  region size 1024K, 45 young (46080K), 7 survivors (7168K)
 Metaspace       used 115284K, committed 116160K, reserved 1179648K
  class space    used 15657K, committed 16128K, reserved 1048576K
}
Event: 60.746 GC heap after
{Heap after GC invocations=55 (full 0):
 garbage-first heap   total 294912K, used 179392K [0x0000000080000000, 0x0000000100000000)
  region size 1024K, 8 young (8192K), 8 survivors (8192K)
 Metaspace       used 115284K, committed 116160K, reserved 1179648K
  class space    used 15657K, committed 16128K, reserved 1048576K
}

