# JRE version: OpenJDK Runtime Environment (17.0.9) (build 17.0.9+0--11185874)
# Java VM: OpenJDK 64-Bit Server VM (17.0.9+0--11185874, mixed mode, tiered, compressed oops, compressed class ptrs, g1 gc, windows-amd64)
GC Precious Log:
 CPUs: 12 total, 12 available
 Memory: 7519M
 Large Page Support: Disabled
 NUMA Support: Disabled
 Compressed Oops: Enabled (32-bit)
 Heap Region Size: 1M
 Heap Min Capacity: 8M
 Heap Initial Capacity: 118M
 Heap Max Capacity: 2G
 Pre-touch: Disabled
 Parallel Workers: 10
 Concurrent Workers: 3
 Concurrent Refinement Workers: 10
 Periodic GC: Disabled
Heap:
 garbage-first heap   total 244736K, used 144767K [0x0000000080000000, 0x0000000100000000)
  region size 1024K, 5 young (5120K), 5 survivors (5120K)
 Metaspace       used 106091K, committed 106880K, reserved 1179648K
  class space    used 14757K, committed 15104K, reserved 1048576K
GC Heap History (20 events):
Event: 9.475 GC heap after
{Heap after GC invocations=28 (full 0):
 garbage-first heap   total 176128K, used 86754K [0x0000000080000000, 0x0000000100000000)
  region size 1024K, 2 young (2048K), 2 survivors (2048K)
 Metaspace       used 86220K, committed 86848K, reserved 1179648K
  class space    used 11953K, committed 12288K, reserved 1048576K
}
Event: 10.022 GC heap before
{Heap before GC invocations=29 (full 0):
 garbage-first heap   total 176128K, used 141026K [0x0000000080000000, 0x0000000100000000)
  region size 1024K, 55 young (56320K), 2 survivors (2048K)
 Metaspace       used 90302K, committed 91008K, reserved 1179648K
  class space    used 12582K, committed 12928K, reserved 1048576K
}
Event: 10.026 GC heap after
{Heap after GC invocations=30 (full 0):
 garbage-first heap   total 176128K, used 89467K [0x0000000080000000, 0x0000000100000000)
  region size 1024K, 5 young (5120K), 5 survivors (5120K)
 Metaspace       used 90302K, committed 91008K, reserved 1179648K
  class space    used 12582K, committed 12928K, reserved 1048576K
}
Event: 10.056 GC heap before
{Heap before GC invocations=30 (full 0):
 garbage-first heap   total 176128K, used 92539K [0x0000000080000000, 0x0000000100000000)
  region size 1024K, 8 young (8192K), 5 survivors (5120K)
 Metaspace       used 90508K, committed 91200K, reserved 1179648K
  class space    used 12616K, committed 12992K, reserved 1048576K
}
Event: 10.059 GC heap after
{Heap after GC invocations=31 (full 0):
 garbage-first heap   total 176128K, used 88905K [0x0000000080000000, 0x0000000100000000)
  region size 1024K, 1 young (1024K), 1 survivors (1024K)
 Metaspace       used 90508K, committed 91200K, reserved 1179648K
  class space    used 12616K, committed 12992K, reserved 1048576K
}
Event: 10.524 GC heap before
{Heap before GC invocations=31 (full 0):
 garbage-first heap   total 176128K, used 142153K [0x0000000080000000, 0x0000000100000000)
  region size 1024K, 53 young (54272K), 1 survivors (1024K)
 Metaspace       used 94415K, committed 95168K, reserved 1179648K
  class space    used 13230K, committed 13568K, reserved 1048576K
}
Event: 10.528 GC heap after
{Heap after GC invocations=32 (full 0):
 garbage-first heap   total 244736K, used 90758K [0x0000000080000000, 0x0000000100000000)
  region size 1024K, 3 young (3072K), 3 survivors (3072K)
 Metaspace       used 94415K, committed 95168K, reserved 1179648K
  class space    used 13230K, committed 13568K, reserved 1048576K
}
Event: 11.460 GC heap before
{Heap before GC invocations=33 (full 0):
 garbage-first heap   total 244736K, used 195206K [0x0000000080000000, 0x0000000100000000)
  region size 1024K, 106 young (108544K), 3 survivors (3072K)
 Metaspace       used 100618K, committed 101440K, reserved 1179648K
  class space    used 14197K, committed 14592K, reserved 1048576K
}
Event: 11.470 GC heap after
{Heap after GC invocations=34 (full 0):
 garbage-first heap   total 244736K, used 101744K [0x0000000080000000, 0x0000000100000000)
  region size 1024K, 14 young (14336K), 14 survivors (14336K)
 Metaspace       used 100618K, committed 101440K, reserved 1179648K
  class space    used 14197K, committed 14592K, reserved 1048576K
}
Event: 11.473 GC heap before
{Heap before GC invocations=34 (full 0):
 garbage-first heap   total 244736K, used 102768K [0x0000000080000000, 0x0000000100000000)
  region size 1024K, 15 young (15360K), 14 survivors (14336K)
 Metaspace       used 100625K, committed 101440K, reserved 1179648K
  class space    used 14197K, committed 14592K, reserved 1048576K
}
Event: 11.481 GC heap after
{Heap after GC invocations=35 (full 0):
 garbage-first heap   total 244736K, used 103118K [0x0000000080000000, 0x0000000100000000)
  region size 1024K, 2 young (2048K), 2 survivors (2048K)
 Metaspace       used 100625K, committed 101440K, reserved 1179648K
  class space    used 14197K, committed 14592K, reserved 1048576K
}
Event: 11.846 GC heap before
{Heap before GC invocations=35 (full 0):
 garbage-first heap   total 244736K, used 192206K [0x0000000080000000, 0x0000000100000000)
  region size 1024K, 90 young (92160K), 2 survivors (2048K)
 Metaspace       used 101171K, committed 101952K, reserved 1179648K
  class space    used 14252K, committed 14592K, reserved 1048576K
}
Event: 11.850 GC heap after
{Heap after GC invocations=36 (full 0):
 garbage-first heap   total 244736K, used 108349K [0x0000000080000000, 0x0000000100000000)
  region size 1024K, 8 young (8192K), 8 survivors (8192K)
 Metaspace       used 101171K, committed 101952K, reserved 1179648K
  class space    used 14252K, committed 14592K, reserved 1048576K
}
Event: 12.089 GC heap before
{Heap before GC invocations=36 (full 0):
 garbage-first heap   total 244736K, used 194365K [0x0000000080000000, 0x0000000100000000)
  region size 1024K, 93 young (95232K), 8 survivors (8192K)
 Metaspace       used 101520K, committed 102272K, reserved 1179648K
  class space    used 14268K, committed 14656K, reserved 1048576K
}
Event: 12.095 GC heap after
{Heap after GC invocations=37 (full 0):
 garbage-first heap   total 244736K, used 113625K [0x0000000080000000, 0x0000000100000000)
  region size 1024K, 8 young (8192K), 8 survivors (8192K)
 Metaspace       used 101520K, committed 102272K, reserved 1179648K
  class space    used 14268K, committed 14656K, reserved 1048576K
}
Event: 12.373 GC heap before
{Heap before GC invocations=37 (full 0):
 garbage-first heap   total 244736K, used 196569K [0x0000000080000000, 0x0000000100000000)
  region size 1024K, 90 young (92160K), 8 survivors (8192K)
 Metaspace       used 101904K, committed 102656K, reserved 1179648K
  class space    used 14299K, committed 14656K, reserved 1048576K
}
Event: 12.379 GC heap after
{Heap after GC invocations=38 (full 0):
 garbage-first heap   total 244736K, used 117764K [0x0000000080000000, 0x0000000100000000)
  region size 1024K, 7 young (7168K), 7 survivors (7168K)
 Metaspace       used 101904K, committed 102656K, reserved 1179648K
  class space    used 14299K, committed 14656K, reserved 1048576K
}
Event: 12.830 GC heap before
{Heap before GC invocations=38 (full 0):
 garbage-first heap   total 244736K, used 203780K [0x0000000080000000, 0x0000000100000000)
  region size 1024K, 87 young (89088K), 7 survivors (7168K)
 Metaspace       used 104533K, committed 105280K, reserved 1179648K
  class space    used 14554K, committed 14912K, reserved 1048576K
}
Event: 12.839 GC heap after
{Heap after GC invocations=39 (full 0):
 garbage-first heap   total 244736K, used 123522K [0x0000000080000000, 0x0000000100000000)
  region size 1024K, 8 young (8192K), 8 survivors (8192K)
 Metaspace       used 104533K, committed 105280K, reserved 1179648K
  class space    used 14554K, committed 14912K, reserved 1048576K
}
Event: 13.037 GC heap before
{Heap before GC invocations=39 (full 0):
 garbage-first heap   total 244736K, used 181890K [0x0000000080000000, 0x0000000100000000)
  region size 1024K, 47 young (48128K), 8 survivors (8192K)
 Metaspace       used 106091K, committed 106880K, reserved 1179648K
  class space    used 14757K, committed 15104K, reserved 1048576K
}

