# JRE version: OpenJDK Runtime Environment (17.0.9) (build 17.0.9+0--11185874)
# Java VM: OpenJDK 64-Bit Server VM (17.0.9+0--11185874, mixed mode, tiered, compressed oops, compressed class ptrs, g1 gc, windows-amd64)
GC Precious Log:
 CPUs: 12 total, 12 available
 Memory: 7519M
 Large Page Support: Disabled
 NUMA Support: Disabled
 Compressed Oops: Enabled (32-bit)
 Heap Region Size: 1M
 Heap Min Capacity: 8M
 Heap Initial Capacity: 118M
 Heap Max Capacity: 2G
 Pre-touch: Disabled
 Parallel Workers: 10
 Concurrent Workers: 3
 Concurrent Refinement Workers: 10
 Periodic GC: Disabled
Heap:
 garbage-first heap   total 232448K, used 150567K [0x0000000080000000, 0x0000000100000000)
  region size 1024K, 8 young (8192K), 8 survivors (8192K)
 Metaspace       used 110188K, committed 111040K, reserved 1179648K
  class space    used 15204K, committed 15616K, reserved 1048576K
GC Heap History (20 events):
Event: 11.544 GC heap after
{Heap after GC invocations=32 (full 0):
 garbage-first heap   total 190464K, used 95542K [0x0000000080000000, 0x0000000100000000)
  region size 1024K, 8 young (8192K), 8 survivors (8192K)
 Metaspace       used 97798K, committed 98560K, reserved 1179648K
  class space    used 13632K, committed 14016K, reserved 1048576K
}
Event: 12.101 GC heap before
{Heap before GC invocations=32 (full 0):
 garbage-first heap   total 190464K, used 158006K [0x0000000080000000, 0x0000000100000000)
  region size 1024K, 69 young (70656K), 8 survivors (8192K)
 Metaspace       used 100742K, committed 101568K, reserved 1179648K
  class space    used 14186K, committed 14592K, reserved 1048576K
}
Event: 12.111 GC heap after
{Heap after GC invocations=33 (full 0):
 garbage-first heap   total 190464K, used 103243K [0x0000000080000000, 0x0000000100000000)
  region size 1024K, 9 young (9216K), 9 survivors (9216K)
 Metaspace       used 100742K, committed 101568K, reserved 1179648K
  class space    used 14186K, committed 14592K, reserved 1048576K
}
Event: 12.254 GC heap before
{Heap before GC invocations=33 (full 0):
 garbage-first heap   total 190464K, used 155467K [0x0000000080000000, 0x0000000100000000)
  region size 1024K, 61 young (62464K), 9 survivors (9216K)
 Metaspace       used 100876K, committed 101696K, reserved 1179648K
  class space    used 14188K, committed 14592K, reserved 1048576K
}
Event: 12.262 GC heap after
{Heap after GC invocations=34 (full 0):
 garbage-first heap   total 190464K, used 106859K [0x0000000080000000, 0x0000000100000000)
  region size 1024K, 5 young (5120K), 5 survivors (5120K)
 Metaspace       used 100876K, committed 101696K, reserved 1179648K
  class space    used 14188K, committed 14592K, reserved 1048576K
}
Event: 12.478 GC heap before
{Heap before GC invocations=34 (full 0):
 garbage-first heap   total 190464K, used 156011K [0x0000000080000000, 0x0000000100000000)
  region size 1024K, 54 young (55296K), 5 survivors (5120K)
 Metaspace       used 101363K, committed 102144K, reserved 1179648K
  class space    used 14238K, committed 14592K, reserved 1048576K
}
Event: 12.482 GC heap after
{Heap after GC invocations=35 (full 0):
 garbage-first heap   total 232448K, used 110400K [0x0000000080000000, 0x0000000100000000)
  region size 1024K, 6 young (6144K), 6 survivors (6144K)
 Metaspace       used 101363K, committed 102144K, reserved 1179648K
  class space    used 14238K, committed 14592K, reserved 1048576K
}
Event: 12.903 GC heap before
{Heap before GC invocations=35 (full 0):
 garbage-first heap   total 232448K, used 179008K [0x0000000080000000, 0x0000000100000000)
  region size 1024K, 70 young (71680K), 6 survivors (6144K)
 Metaspace       used 104209K, committed 104960K, reserved 1179648K
  class space    used 14463K, committed 14848K, reserved 1048576K
}
Event: 12.909 GC heap after
{Heap after GC invocations=36 (full 0):
 garbage-first heap   total 232448K, used 113382K [0x0000000080000000, 0x0000000100000000)
  region size 1024K, 9 young (9216K), 9 survivors (9216K)
 Metaspace       used 104209K, committed 104960K, reserved 1179648K
  class space    used 14463K, committed 14848K, reserved 1048576K
}
Event: 13.237 GC heap before
{Heap before GC invocations=37 (full 0):
 garbage-first heap   total 232448K, used 188134K [0x0000000080000000, 0x0000000100000000)
  region size 1024K, 83 young (84992K), 9 survivors (9216K)
 Metaspace       used 105130K, committed 105856K, reserved 1179648K
  class space    used 14605K, committed 14976K, reserved 1048576K
}
Event: 13.245 GC heap after
{Heap after GC invocations=38 (full 0):
 garbage-first heap   total 232448K, used 118092K [0x0000000080000000, 0x0000000100000000)
  region size 1024K, 11 young (11264K), 11 survivors (11264K)
 Metaspace       used 105130K, committed 105856K, reserved 1179648K
  class space    used 14605K, committed 14976K, reserved 1048576K
}
Event: 13.247 GC heap before
{Heap before GC invocations=38 (full 0):
 garbage-first heap   total 232448K, used 119116K [0x0000000080000000, 0x0000000100000000)
  region size 1024K, 12 young (12288K), 11 survivors (11264K)
 Metaspace       used 105131K, committed 105856K, reserved 1179648K
  class space    used 14605K, committed 14976K, reserved 1048576K
}
Event: 13.251 GC heap after
{Heap after GC invocations=39 (full 0):
 garbage-first heap   total 232448K, used 117872K [0x0000000080000000, 0x0000000100000000)
  region size 1024K, 2 young (2048K), 2 survivors (2048K)
 Metaspace       used 105131K, committed 105856K, reserved 1179648K
  class space    used 14605K, committed 14976K, reserved 1048576K
}
Event: 13.597 GC heap before
{Heap before GC invocations=39 (full 0):
 garbage-first heap   total 232448K, used 188528K [0x0000000080000000, 0x0000000100000000)
  region size 1024K, 72 young (73728K), 2 survivors (2048K)
 Metaspace       used 105500K, committed 106304K, reserved 1179648K
  class space    used 14623K, committed 15040K, reserved 1048576K
}
Event: 13.602 GC heap after
{Heap after GC invocations=40 (full 0):
 garbage-first heap   total 232448K, used 122560K [0x0000000080000000, 0x0000000100000000)
  region size 1024K, 7 young (7168K), 7 survivors (7168K)
 Metaspace       used 105500K, committed 106304K, reserved 1179648K
  class space    used 14623K, committed 15040K, reserved 1048576K
}
Event: 15.338 GC heap before
{Heap before GC invocations=40 (full 0):
 garbage-first heap   total 232448K, used 189120K [0x0000000080000000, 0x0000000100000000)
  region size 1024K, 73 young (74752K), 7 survivors (7168K)
 Metaspace       used 107185K, committed 107968K, reserved 1179648K
  class space    used 14839K, committed 15232K, reserved 1048576K
}
Event: 15.350 GC heap after
{Heap after GC invocations=41 (full 0):
 garbage-first heap   total 232448K, used 129570K [0x0000000080000000, 0x0000000100000000)
  region size 1024K, 9 young (9216K), 9 survivors (9216K)
 Metaspace       used 107185K, committed 107968K, reserved 1179648K
  class space    used 14839K, committed 15232K, reserved 1048576K
}
Event: 15.547 GC heap before
{Heap before GC invocations=41 (full 0):
 garbage-first heap   total 232448K, used 188962K [0x0000000080000000, 0x0000000100000000)
  region size 1024K, 68 young (69632K), 9 survivors (9216K)
 Metaspace       used 107439K, committed 108224K, reserved 1179648K
  class space    used 14859K, committed 15232K, reserved 1048576K
}
Event: 15.552 GC heap after
{Heap after GC invocations=42 (full 0):
 garbage-first heap   total 232448K, used 129597K [0x0000000080000000, 0x0000000100000000)
  region size 1024K, 5 young (5120K), 5 survivors (5120K)
 Metaspace       used 107439K, committed 108224K, reserved 1179648K
  class space    used 14859K, committed 15232K, reserved 1048576K
}
Event: 15.867 GC heap before
{Heap before GC invocations=42 (full 0):
 garbage-first heap   total 232448K, used 188989K [0x0000000080000000, 0x0000000100000000)
  region size 1024K, 45 young (46080K), 5 survivors (5120K)
 Metaspace       used 110188K, committed 111040K, reserved 1179648K
  class space    used 15204K, committed 15616K, reserved 1048576K
}

